# JRE version: Java(TM) SE Runtime Environment (8.0_301-b09) (build 1.8.0_301-b09)
# Java VM: Java HotSpot(TM) 64-Bit Server VM (25.301-b09 mixed mode windows-amd64 compressed oops)
Heap:
 PSYoungGen      total 113664K, used 46476K [0x0000000741980000, 0x0000000749800000, 0x00000007c0000000)
  eden space 97792K, 39% used [0x0000000741980000,0x0000000743fb1400,0x0000000747900000)
  from space 15872K, 46% used [0x0000000748880000,0x0000000748fb1f38,0x0000000749800000)
  to   space 15872K, 0% used [0x0000000747900000,0x0000000747900000,0x0000000748880000)
 ParOldGen       total 259584K, used 104830K [0x0000000644c00000, 0x0000000654980000, 0x0000000741980000)
  object space 259584K, 40% used [0x0000000644c00000,0x000000064b25f8c0,0x0000000654980000)
 Metaspace       used 17265K, capacity 17616K, committed 17920K, reserved 1064960K
  class space    used 2104K, capacity 2204K, committed 2304K, reserved 1048576K
GC Heap History (4 events):
Event: 3.413 GC heap before
{Heap before GC invocations=1 (full 0):
 PSYoungGen      total 113664K, used 97792K [0x0000000741980000, 0x0000000749800000, 0x00000007c0000000)
  eden space 97792K, 100% used [0x0000000741980000,0x0000000747900000,0x0000000747900000)
  from space 15872K, 0% used [0x0000000748880000,0x0000000748880000,0x0000000749800000)
  to   space 15872K, 0% used [0x0000000747900000,0x0000000747900000,0x0000000748880000)
 ParOldGen       total 259584K, used 0K [0x0000000644c00000, 0x0000000654980000, 0x0000000741980000)
  object space 259584K, 0% used [0x0000000644c00000,0x0000000644c00000,0x0000000654980000)
 Metaspace       used 11087K, capacity 11450K, committed 11776K, reserved 1058816K
  class space    used 1330K, capacity 1457K, committed 1536K, reserved 1048576K
Event: 3.428 GC heap after
Heap after GC invocations=1 (full 0):
 PSYoungGen      total 113664K, used 15090K [0x0000000741980000, 0x0000000749800000, 0x00000007c0000000)
  eden space 97792K, 0% used [0x0000000741980000,0x0000000741980000,0x0000000747900000)
  from space 15872K, 95% used [0x0000000747900000,0x00000007487bcba8,0x0000000748880000)
  to   space 15872K, 0% used [0x0000000748880000,0x0000000748880000,0x0000000749800000)
 ParOldGen       total 259584K, used 65516K [0x0000000644c00000, 0x0000000654980000, 0x0000000741980000)
  object space 259584K, 25% used [0x0000000644c00000,0x0000000648bfb378,0x0000000654980000)
 Metaspace       used 11087K, capacity 11450K, committed 11776K, reserved 1058816K
  class space    used 1330K, capacity 1457K, committed 1536K, reserved 1048576K
}
Event: 6.228 GC heap before
{Heap before GC invocations=2 (full 0):
 PSYoungGen      total 113664K, used 112882K [0x0000000741980000, 0x0000000749800000, 0x00000007c0000000)
  eden space 97792K, 100% used [0x0000000741980000,0x0000000747900000,0x0000000747900000)
  from space 15872K, 95% used [0x0000000747900000,0x00000007487bcba8,0x0000000748880000)
  to   space 15872K, 0% used [0x0000000748880000,0x0000000748880000,0x0000000749800000)
 ParOldGen       total 259584K, used 65516K [0x0000000644c00000, 0x0000000654980000, 0x0000000741980000)
  object space 259584K, 25% used [0x0000000644c00000,0x0000000648bfb378,0x0000000654980000)
 Metaspace       used 14742K, capacity 15124K, committed 15488K, reserved 1062912K
  class space    used 1749K, capacity 1846K, committed 1920K, reserved 1048576K
Event: 6.237 GC heap after
Heap after GC invocations=2 (full 0):
 PSYoungGen      total 113664K, used 7367K [0x0000000741980000, 0x0000000749800000, 0x00000007c0000000)
  eden space 97792K, 0% used [0x0000000741980000,0x0000000741980000,0x0000000747900000)
  from space 15872K, 46% used [0x0000000748880000,0x0000000748fb1f38,0x0000000749800000)
  to   space 15872K, 0% used [0x0000000747900000,0x0000000747900000,0x0000000748880000)
 ParOldGen       total 259584K, used 104830K [0x0000000644c00000, 0x0000000654980000, 0x0000000741980000)
  object space 259584K, 40% used [0x0000000644c00000,0x000000064b25f8c0,0x0000000654980000)
 Metaspace       used 14742K, capacity 15124K, committed 15488K, reserved 1062912K
  class space    used 1749K, capacity 1846K, committed 1920K, reserved 1048576K
}

